10/9/2021 6:16:32 AM	This log contains information about the import schema operation into project 'TypeheadDB' on computer 'DESKTOP-42DB391' by user 'dvhaz'.
10/9/2021 6:16:32 AM	Import of database schema has started.
10/9/2021 6:16:41 AM	Gathering database credentials
10/9/2021 6:16:41 AM	Gathering database options
10/9/2021 6:16:41 AM	Gathering generic database scoped configuration option
10/9/2021 6:16:42 AM	Gathering users
10/9/2021 6:16:42 AM	Gathering roles
10/9/2021 6:16:42 AM	Gathering application roles
10/9/2021 6:16:42 AM	Gathering role memberships
10/9/2021 6:16:42 AM	Gathering filegroups
10/9/2021 6:16:42 AM	Gathering full-text catalogs
10/9/2021 6:16:42 AM	Gathering assemblies
10/9/2021 6:16:42 AM	Gathering certificates
10/9/2021 6:16:42 AM	Gathering asymmetric keys
10/9/2021 6:16:42 AM	Gathering symmetric keys
10/9/2021 6:16:42 AM	Gathering encrypted symmetric keys
10/9/2021 6:16:42 AM	Gathering schemas
10/9/2021 6:16:42 AM	Gathering XML schema collections
10/9/2021 6:16:42 AM	Gathering user-defined data types
10/9/2021 6:16:42 AM	Gathering user-defined types
10/9/2021 6:16:42 AM	Gathering table types
10/9/2021 6:16:42 AM	Gathering unique keys for table types
10/9/2021 6:16:42 AM	Gathering primary keys for table types
10/9/2021 6:16:42 AM	Gathering indexes for table types
10/9/2021 6:16:43 AM	Gathering check constraints for table types
10/9/2021 6:16:43 AM	Gathering default constraints for table types
10/9/2021 6:16:43 AM	Gathering partition functions
10/9/2021 6:16:43 AM	Gathering partition schemes
10/9/2021 6:16:43 AM	Gathering functions
10/9/2021 6:16:43 AM	Gathering encrypted functions
10/9/2021 6:16:44 AM	Gathering aggregates
10/9/2021 6:16:44 AM	Gathering procedures
10/9/2021 6:16:44 AM	Gathering encrypted procedures
10/9/2021 6:16:44 AM	Gathering tables
10/9/2021 6:16:44 AM	Gathering primary keys
10/9/2021 6:16:44 AM	Gathering unique constraints
10/9/2021 6:16:44 AM	Gathering foreign keys
10/9/2021 6:16:44 AM	Gathering default constraints
10/9/2021 6:16:44 AM	Gathering check constraints
10/9/2021 6:16:44 AM	Gathering views
10/9/2021 6:16:44 AM	Gathering encrypted views
10/9/2021 6:16:44 AM	Gathering indexes
10/9/2021 6:16:44 AM	Gathering statistics
10/9/2021 6:16:44 AM	Gathering full-text index stoplists
10/9/2021 6:16:44 AM	Gathering search property lists
10/9/2021 6:16:44 AM	Gathering search properties
10/9/2021 6:16:44 AM	Gathering full-text indexes
10/9/2021 6:16:44 AM	Gathering column store indexes
10/9/2021 6:16:44 AM	Gathering spatial indexes
10/9/2021 6:16:45 AM	Gathering XML indexes
10/9/2021 6:16:45 AM	Gathering Selective XML indexes
10/9/2021 6:16:45 AM	Gathering encrypted triggers
10/9/2021 6:16:45 AM	Gathering triggers
10/9/2021 6:16:45 AM	Gathering encrypted and clr ddl triggers
10/9/2021 6:16:45 AM	Gathering ddl triggers
10/9/2021 6:16:45 AM	Creating edge constraints
10/9/2021 6:16:45 AM	Gathering synonyms
10/9/2021 6:16:45 AM	Gathering defaults
10/9/2021 6:16:45 AM	Gathering data constraint uddt bindings
10/9/2021 6:16:45 AM	Gathering rules
10/9/2021 6:16:45 AM	Gathering data constraint uddt bindings
10/9/2021 6:16:45 AM	Gathering message types
10/9/2021 6:16:45 AM	Gathering queues
10/9/2021 6:16:45 AM	Gathering contracts
10/9/2021 6:16:45 AM	Gathering services
10/9/2021 6:16:46 AM	Gathering event notifications
10/9/2021 6:16:46 AM	Gathering remote service bindings
10/9/2021 6:16:46 AM	Gathering broker priorities
10/9/2021 6:16:46 AM	Gathering signatures
10/9/2021 6:16:46 AM	Gathering data compression options
10/9/2021 6:16:46 AM	Gathering sequence types
10/9/2021 6:16:46 AM	Gathering security policies
10/9/2021 6:16:46 AM	Gather column encryption keys
10/9/2021 6:16:46 AM	Gathering column master keys
10/9/2021 6:16:46 AM	Gathering external data sources
10/9/2021 6:16:46 AM	Gathering external file formats
10/9/2021 6:16:46 AM	Gathering external tables
10/9/2021 6:16:46 AM	Gathering extended properties
10/9/2021 6:16:48 AM	Scanning project for duplicate elements
10/9/2021 6:16:48 AM	Finished duplicate element processing
10/9/2021 6:16:51 AM	Finished importing database.
10/9/2021 6:16:51 AM	A summary of the import was saved to the following location: C:\Users\dvhaz\Desktop\testcreditsuisse\TypeheadDB\TypeheadDB\Import Schema Logs\TypeheadDB_20211009011632.log
10/9/2021 6:16:51 AM	Click Finish to continue...
